  chess.c
d:\cyl\visual_studio\workplace\井字棋\井字棋\chess.c(15): warning C4047: “函数”:“char”与“char [10][10]”的间接级别不同
d:\cyl\visual_studio\workplace\井字棋\井字棋\chess.c(15): warning C4024: “init_board”: 形参和实参 1 的类型不同
d:\cyl\visual_studio\workplace\井字棋\井字棋\chess.c(16): warning C4047: “函数”:“char”与“char [10][10]”的间接级别不同
d:\cyl\visual_studio\workplace\井字棋\井字棋\chess.c(16): warning C4024: “display_board”: 形参和实参 1 的类型不同
d:\cyl\visual_studio\workplace\井字棋\井字棋\chess.c(20): warning C4047: “函数”:“char”与“char [10][10]”的间接级别不同
d:\cyl\visual_studio\workplace\井字棋\井字棋\chess.c(20): warning C4024: “player_move”: 形参和实参 1 的类型不同
d:\cyl\visual_studio\workplace\井字棋\井字棋\chess.c(21): warning C4047: “函数”:“char”与“char [10][10]”的间接级别不同
d:\cyl\visual_studio\workplace\井字棋\井字棋\chess.c(21): warning C4024: “display_board”: 形参和实参 1 的类型不同
d:\cyl\visual_studio\workplace\井字棋\井字棋\chess.c(23): warning C4047: “函数”:“char”与“char [10][10]”的间接级别不同
d:\cyl\visual_studio\workplace\井字棋\井字棋\chess.c(23): warning C4024: “is_win”: 形参和实参 1 的类型不同
d:\cyl\visual_studio\workplace\井字棋\井字棋\chess.c(28): warning C4047: “函数”:“char”与“char [10][10]”的间接级别不同
d:\cyl\visual_studio\workplace\井字棋\井字棋\chess.c(28): warning C4024: “is_win”: 形参和实参 1 的类型不同
d:\cyl\visual_studio\workplace\井字棋\井字棋\chess.c(34): warning C4047: “函数”:“char”与“char [10][10]”的间接级别不同
d:\cyl\visual_studio\workplace\井字棋\井字棋\chess.c(34): warning C4024: “computer_move”: 形参和实参 1 的类型不同
d:\cyl\visual_studio\workplace\井字棋\井字棋\chess.c(35): warning C4047: “函数”:“char”与“char [10][10]”的间接级别不同
d:\cyl\visual_studio\workplace\井字棋\井字棋\chess.c(35): warning C4024: “display_board”: 形参和实参 1 的类型不同
d:\cyl\visual_studio\workplace\井字棋\井字棋\chess.c(37): warning C4047: “函数”:“char”与“char [10][10]”的间接级别不同
d:\cyl\visual_studio\workplace\井字棋\井字棋\chess.c(37): warning C4024: “is_win”: 形参和实参 1 的类型不同
d:\cyl\visual_studio\workplace\井字棋\井字棋\chess.c(42): warning C4047: “函数”:“char”与“char [10][10]”的间接级别不同
d:\cyl\visual_studio\workplace\井字棋\井字棋\chess.c(42): warning C4024: “is_win”: 形参和实参 1 的类型不同
  function.c
d:\cyl\visual_studio\workplace\井字棋\井字棋\function.c(5): warning C4028: 形参 1 与声明不同
d:\cyl\visual_studio\workplace\井字棋\井字棋\function.c(18): warning C4028: 形参 1 与声明不同
d:\cyl\visual_studio\workplace\井字棋\井字棋\function.c(44): warning C4028: 形参 1 与声明不同
d:\cyl\visual_studio\workplace\井字棋\井字棋\function.c(64): warning C4028: 形参 1 与声明不同
d:\cyl\visual_studio\workplace\井字棋\井字棋\function.c(86): warning C4028: 形参 1 与声明不同
d:\cyl\visual_studio\workplace\井字棋\井字棋\function.c(116): warning C4013: “is_full”未定义；假设外部返回 int
  正在生成代码...
  井字棋.vcxproj -> D:\cyl\visual_studio\workplace\井字棋\Debug\井字棋.exe
